-------------------------------------------------------------------------------
Test set: com.example.kinesiscamel.KinesiscamelApplicationTests
-------------------------------------------------------------------------------
Tests run: 1, Failures: 0, Errors: 1, Skipped: 0, Time elapsed: 7.454 s <<< FAILURE! - in com.example.kinesiscamel.KinesiscamelApplicationTests
contextLoads  Time elapsed: 0.003 s  <<< ERROR!
java.lang.IllegalStateException: Failed to load ApplicationContext
Caused by: org.springframework.beans.factory.BeanCreationException: Error creating bean with name 'amazonCloudFormation' defined in class path resource [org/springframework/cloud/aws/autoconfigure/context/ContextStackAutoConfiguration.class]: Invocation of init method failed; nested exception is java.lang.NoSuchMethodError: com.amazonaws.client.AwsSyncClientParams.getAdvancedConfig()Lcom/amazonaws/client/builder/AdvancedConfig;
Caused by: java.lang.NoSuchMethodError: com.amazonaws.client.AwsSyncClientParams.getAdvancedConfig()Lcom/amazonaws/client/builder/AdvancedConfig;

